Build started 6/4/2014 4:45:20 PM.
     1>Project "C:\Users\jmc0022\Documents\Visual Studio 2010\Projects\CS317Homework1\CS317Homework4\CS317Homework4.vcxproj" on node 2 (build target(s)).
     1>InitializeBuildStatus:
         Touching "Debug\CS317Homework4.unsuccessfulbuild".
       ClCompile:
         c:\Program Files\Microsoft Visual Studio 10.0\VC\bin\CL.exe /c /ZI /nologo /W3 /WX- /Od /Oy- /D _MBCS /Gm /EHsc /RTC1 /MDd /GS /fp:precise /Zc:wchar_t /Zc:forScope /Fo"Debug\\" /Fd"Debug\vc100.pdb" /Gd /TP /analyze- /errorReport:prompt InsertionSort.cpp
         InsertionSort.cpp
     1>c:\users\jmc0022\documents\visual studio 2010\projects\cs317homework1\cs317homework4\insertionsort.cpp(17): warning C4101: 'k' : unreferenced local variable
       Link:
         c:\Program Files\Microsoft Visual Studio 10.0\VC\bin\link.exe /ERRORREPORT:PROMPT /OUT:"C:\Users\jmc0022\Documents\Visual Studio 2010\Projects\CS317Homework1\Debug\CS317Homework4.exe" /NOLOGO kernel32.lib user32.lib gdi32.lib winspool.lib comdlg32.lib advapi32.lib shell32.lib ole32.lib oleaut32.lib uuid.lib odbc32.lib odbccp32.lib /MANIFEST /ManifestFile:"Debug\CS317Homework4.exe.intermediate.manifest" /MANIFESTUAC:"level='asInvoker' uiAccess='false'" /DEBUG /PDB:"C:\Users\jmc0022\Documents\Visual Studio 2010\Projects\CS317Homework1\Debug\CS317Homework4.pdb" /TLBID:1 /DYNAMICBASE /NXCOMPAT /IMPLIB:"C:\Users\jmc0022\Documents\Visual Studio 2010\Projects\CS317Homework1\Debug\CS317Homework4.lib" /MACHINE:X86 Debug\InsertionSort.obj
         LINK : C:\Users\jmc0022\Documents\Visual Studio 2010\Projects\CS317Homework1\Debug\CS317Homework4.exe not found or not built by the last incremental link; performing full link
         CS317Homework4.vcxproj -> C:\Users\jmc0022\Documents\Visual Studio 2010\Projects\CS317Homework1\Debug\CS317Homework4.exe
       Manifest:
         C:\Program Files\Microsoft SDKs\Windows\v7.0A\bin\mt.exe /nologo /verbose /outputresource:"C:\Users\jmc0022\Documents\Visual Studio 2010\Projects\CS317Homework1\Debug\CS317Homework4.exe;#1" /manifest Debug\CS317Homework4.exe.intermediate.manifest
       FinalizeBuildStatus:
         Deleting file "Debug\CS317Homework4.unsuccessfulbuild".
         Touching "Debug\CS317Homework4.lastbuildstate".
     1>Done Building Project "C:\Users\jmc0022\Documents\Visual Studio 2010\Projects\CS317Homework1\CS317Homework4\CS317Homework4.vcxproj" (build target(s)).

Build succeeded.

Time Elapsed 00:00:00.54
